current directory: /home/ad/Videos/ruby-rake-workouts/ruby/3.1.0/gems/rbs-3.8.1/ext/rbs_extension
/home/ad/.rbenv/versions/3.1.2/bin/ruby -I /home/ad/.rbenv/versions/3.1.2/lib/ruby/3.1.0 -r ./siteconf20250111-838013-1ytvty.rb extconf.rb
checking for whether -std=gnu99 is accepted as CFLAGS... yes
creating Makefile

current directory: /home/ad/Videos/ruby-rake-workouts/ruby/3.1.0/gems/rbs-3.8.1/ext/rbs_extension
make DESTDIR\= clean

current directory: /home/ad/Videos/ruby-rake-workouts/ruby/3.1.0/gems/rbs-3.8.1/ext/rbs_extension
make DESTDIR\=
compiling ./../../src/constants.c
compiling ./../../src/ruby_objs.c
compiling lexer.c
compiling lexstate.c
compiling location.c
compiling main.c
compiling parser.c
compiling parserstate.c
compiling unescape.c
linking shared-object rbs_extension.so

current directory: /home/ad/Videos/ruby-rake-workouts/ruby/3.1.0/gems/rbs-3.8.1/ext/rbs_extension
make DESTDIR\= install
/usr/bin/install -c -m 0755 rbs_extension.so ./.gem.20250111-838013-jq1jw8
